Started by user [8mha:////4MAeyVsjHU8KmcTUzGMtjIpEdH4Vc6eNPu5KU8SERoSVAAAAlx+LCAAAAAAAAP9b85aBtbiIQTGjNKU4P08vOT+vOD8nVc83PyU1x6OyILUoJzMv2y+/JJUBAhiZGBgqihhk0NSjKDWzXb3RdlLBUSYGJk8GtpzUvPSSDB8G5tKinBIGIZ+sxLJE/ZzEvHT94JKizLx0a6BxUmjGOUNodHsLgAzWEgZu/dLi1CL9gsS8lEQACjKVYMAAAAA=[0mpanda
Running as SYSTEM
Building in workspace /var/jenkins_home/workspace/Maven
using credential 10a6697c-4596-4ff1-a628-1379e7a7f09d
 > git rev-parse --is-inside-work-tree # timeout=10
Fetching changes from the remote Git repository
 > git config remote.origin.url https://github.com/annape789/app # timeout=10
Fetching upstream changes from https://github.com/annape789/app
 > git --version # timeout=10
using GIT_ASKPASS to set credentials GitHub
 > git fetch --tags --progress -- https://github.com/annape789/app +refs/heads/*:refs/remotes/origin/* # timeout=10
Seen branch in repository origin/dev
Seen branch in repository origin/feature/selenium
Seen branch in repository origin/master
Seen 3 remote branches
 > git show-ref --tags -d # timeout=10
Checking out Revision 6c0c9d8906f46036a0154bf7524f1d4b1627b9aa (origin/dev)
 > git config core.sparsecheckout # timeout=10
 > git checkout -f 6c0c9d8906f46036a0154bf7524f1d4b1627b9aa # timeout=10
Commit message: " selenium"
 > git rev-list --no-walk a2ddf73a3b68bad861d1537dc27b088fb6ce9266 # timeout=10
using settings config with name MavenSettings
Replacing all maven server entries not found in credentials list is true
[Maven] $ /var/jenkins_home/tools/hudson.tasks.Maven_MavenInstallation/maven_3.6.3/bin/mvn -s /tmp/settings8265394983299718975.xml install
[INFO] Scanning for projects...
[INFO] 
[INFO] --------------------------< pl.pandait:panda >--------------------------
[INFO] Building panda 3.1.0-SNAPSHOT
[INFO] --------------------------------[ jar ]---------------------------------
[INFO] 
[8mha:////4KSeLriNqbCwDrnkLRgK7C9Kt9i/ZoPGVXfpOB8wwfv4AAAAYB+LCAAAAAAAAP9b85aBtbiIQSmjNKU4P0+vJLE4u1gvPjexLDVPzxdEGvvmZ+X75ZekLlOVfvTjc8FPJgaGiiIGKaiG5Py84vycVD1nCA1SyAABjCCFBQCV27OjYAAAAA==[0m[INFO] --- maven-resources-plugin:3.1.0:resources (default-resources) @ panda ---
[INFO] Using 'UTF-8' encoding to copy filtered resources.
[INFO] Copying 1 resource
[INFO] Copying 2 resources
[INFO] 
[8mha:////4KSeLriNqbCwDrnkLRgK7C9Kt9i/ZoPGVXfpOB8wwfv4AAAAYB+LCAAAAAAAAP9b85aBtbiIQSmjNKU4P0+vJLE4u1gvPjexLDVPzxdEGvvmZ+X75ZekLlOVfvTjc8FPJgaGiiIGKaiG5Py84vycVD1nCA1SyAABjCCFBQCV27OjYAAAAA==[0m[INFO] --- maven-compiler-plugin:3.8.1:compile (default-compile) @ panda ---
[INFO] Changes detected - recompiling the module!
[INFO] Compiling 2 source files to /var/jenkins_home/workspace/Maven/target/classes
[INFO] 
[8mha:////4KSeLriNqbCwDrnkLRgK7C9Kt9i/ZoPGVXfpOB8wwfv4AAAAYB+LCAAAAAAAAP9b85aBtbiIQSmjNKU4P0+vJLE4u1gvPjexLDVPzxdEGvvmZ+X75ZekLlOVfvTjc8FPJgaGiiIGKaiG5Py84vycVD1nCA1SyAABjCCFBQCV27OjYAAAAA==[0m[INFO] --- maven-resources-plugin:3.1.0:testResources (default-testResources) @ panda ---
[INFO] Using 'UTF-8' encoding to copy filtered resources.
[INFO] skip non existing resourceDirectory /var/jenkins_home/workspace/Maven/src/test/resources
[INFO] 
[8mha:////4KSeLriNqbCwDrnkLRgK7C9Kt9i/ZoPGVXfpOB8wwfv4AAAAYB+LCAAAAAAAAP9b85aBtbiIQSmjNKU4P0+vJLE4u1gvPjexLDVPzxdEGvvmZ+X75ZekLlOVfvTjc8FPJgaGiiIGKaiG5Py84vycVD1nCA1SyAABjCCFBQCV27OjYAAAAA==[0m[INFO] --- maven-compiler-plugin:3.8.1:testCompile (default-testCompile) @ panda ---
[INFO] Changes detected - recompiling the module!
[INFO] Compiling 3 source files to /var/jenkins_home/workspace/Maven/target/test-classes
[INFO] 
[8mha:////4KSeLriNqbCwDrnkLRgK7C9Kt9i/ZoPGVXfpOB8wwfv4AAAAYB+LCAAAAAAAAP9b85aBtbiIQSmjNKU4P0+vJLE4u1gvPjexLDVPzxdEGvvmZ+X75ZekLlOVfvTjc8FPJgaGiiIGKaiG5Py84vycVD1nCA1SyAABjCCFBQCV27OjYAAAAA==[0m[INFO] --- maven-surefire-plugin:2.19.1:test (default-test) @ panda ---

-------------------------------------------------------
 T E S T S
-------------------------------------------------------
Running pl.pandait.panda.HelloControllerTest
17:06:06.526 [main] DEBUG org.springframework.test.context.BootstrapUtils - Instantiating CacheAwareContextLoaderDelegate from class [org.springframework.test.context.cache.DefaultCacheAwareContextLoaderDelegate]
17:06:07.386 [main] DEBUG org.springframework.test.context.BootstrapUtils - Instantiating BootstrapContext using constructor [public org.springframework.test.context.support.DefaultBootstrapContext(java.lang.Class,org.springframework.test.context.CacheAwareContextLoaderDelegate)]
17:06:09.324 [main] DEBUG org.springframework.test.context.BootstrapUtils - Instantiating TestContextBootstrapper for test class [pl.pandait.panda.HelloControllerTest] from class [org.springframework.boot.test.context.SpringBootTestContextBootstrapper]
17:06:10.421 [main] INFO org.springframework.boot.test.context.SpringBootTestContextBootstrapper - Neither @ContextConfiguration nor @ContextHierarchy found for test class [pl.pandait.panda.HelloControllerTest], using SpringBootContextLoader
17:06:10.743 [main] DEBUG org.springframework.test.context.support.AbstractContextLoader - Did not detect default resource location for test class [pl.pandait.panda.HelloControllerTest]: class path resource [pl/pandait/panda/HelloControllerTest-context.xml] does not exist
17:06:10.772 [main] DEBUG org.springframework.test.context.support.AbstractContextLoader - Did not detect default resource location for test class [pl.pandait.panda.HelloControllerTest]: class path resource [pl/pandait/panda/HelloControllerTestContext.groovy] does not exist
17:06:10.794 [main] INFO org.springframework.test.context.support.AbstractContextLoader - Could not detect default resource locations for test class [pl.pandait.panda.HelloControllerTest]: no resource found for suffixes {-context.xml, Context.groovy}.
17:06:10.852 [main] INFO org.springframework.test.context.support.AnnotationConfigContextLoaderUtils - Could not detect default configuration classes for test class [pl.pandait.panda.HelloControllerTest]: HelloControllerTest does not declare any static, non-private, non-final, nested classes annotated with @Configuration.
17:06:12.697 [main] DEBUG org.springframework.test.context.support.ActiveProfilesUtils - Could not find an 'annotation declaring class' for annotation type [org.springframework.test.context.ActiveProfiles] and class [pl.pandait.panda.HelloControllerTest]
17:06:15.696 [main] DEBUG org.springframework.context.annotation.ClassPathScanningCandidateComponentProvider - Identified candidate component class: file [/var/jenkins_home/workspace/Maven/target/classes/pl/pandait/panda/PandaApplication.class]
17:06:15.736 [main] INFO org.springframework.boot.test.context.SpringBootTestContextBootstrapper - Found @SpringBootConfiguration pl.pandait.panda.PandaApplication for test class pl.pandait.panda.HelloControllerTest
17:06:18.732 [main] DEBUG org.springframework.boot.test.context.SpringBootTestContextBootstrapper - @TestExecutionListeners is not present for class [pl.pandait.panda.HelloControllerTest]: using defaults.
17:06:18.739 [main] INFO org.springframework.boot.test.context.SpringBootTestContextBootstrapper - Loaded default TestExecutionListener class names from location [META-INF/spring.factories]: [org.springframework.boot.test.mock.mockito.MockitoTestExecutionListener, org.springframework.boot.test.mock.mockito.ResetMocksTestExecutionListener, org.springframework.boot.test.autoconfigure.restdocs.RestDocsTestExecutionListener, org.springframework.boot.test.autoconfigure.web.client.MockRestServiceServerResetTestExecutionListener, org.springframework.boot.test.autoconfigure.web.servlet.MockMvcPrintOnlyOnFailureTestExecutionListener, org.springframework.boot.test.autoconfigure.web.servlet.WebDriverTestExecutionListener, org.springframework.test.context.web.ServletTestExecutionListener, org.springframework.test.context.support.DirtiesContextBeforeModesTestExecutionListener, org.springframework.test.context.support.DependencyInjectionTestExecutionListener, org.springframework.test.context.support.DirtiesContextTestExecutionListener, org.springframework.test.context.transaction.TransactionalTestExecutionListener, org.springframework.test.context.jdbc.SqlScriptsTestExecutionListener, org.springframework.test.context.event.EventPublishingTestExecutionListener]
17:06:19.102 [main] DEBUG org.springframework.boot.test.context.SpringBootTestContextBootstrapper - Skipping candidate TestExecutionListener [org.springframework.test.context.transaction.TransactionalTestExecutionListener] due to a missing dependency. Specify custom listener classes or make the default listener classes and their required dependencies available. Offending class: [org/springframework/transaction/TransactionDefinition]
17:06:19.117 [main] DEBUG org.springframework.boot.test.context.SpringBootTestContextBootstrapper - Skipping candidate TestExecutionListener [org.springframework.test.context.jdbc.SqlScriptsTestExecutionListener] due to a missing dependency. Specify custom listener classes or make the default listener classes and their required dependencies available. Offending class: [org/springframework/transaction/interceptor/TransactionAttribute]
17:06:19.132 [main] INFO org.springframework.boot.test.context.SpringBootTestContextBootstrapper - Using TestExecutionListeners: [org.springframework.test.context.web.ServletTestExecutionListener@71a8adcf, org.springframework.test.context.support.DirtiesContextBeforeModesTestExecutionListener@27462a88, org.springframework.boot.test.mock.mockito.MockitoTestExecutionListener@82de64a, org.springframework.boot.test.autoconfigure.SpringBootDependencyInjectionTestExecutionListener@659499f1, org.springframework.test.context.support.DirtiesContextTestExecutionListener@51e69659, org.springframework.test.context.event.EventPublishingTestExecutionListener@47e2e487, org.springframework.boot.test.mock.mockito.ResetMocksTestExecutionListener@201a4587, org.springframework.boot.test.autoconfigure.restdocs.RestDocsTestExecutionListener@61001b64, org.springframework.boot.test.autoconfigure.web.client.MockRestServiceServerResetTestExecutionListener@4310d43, org.springframework.boot.test.autoconfigure.web.servlet.MockMvcPrintOnlyOnFailureTestExecutionListener@54a7079e, org.springframework.boot.test.autoconfigure.web.servlet.WebDriverTestExecutionListener@26e356f0]
17:06:19.229 [main] DEBUG org.springframework.test.context.support.AbstractDirtiesContextTestExecutionListener - Before test class: context [DefaultTestContext@48aca48b testClass = HelloControllerTest, testInstance = [null], testMethod = [null], testException = [null], mergedContextConfiguration = [WebMergedContextConfiguration@13fd2ccd testClass = HelloControllerTest, locations = '{}', classes = '{class pl.pandait.panda.PandaApplication}', contextInitializerClasses = '[]', activeProfiles = '{}', propertySourceLocations = '{}', propertySourceProperties = '{org.springframework.boot.test.context.SpringBootTestContextBootstrapper=true, server.port=0}', contextCustomizers = set[org.springframework.boot.test.context.filter.ExcludeFilterContextCustomizer@470f1802, org.springframework.boot.test.json.DuplicateJsonObjectContextCustomizerFactory$DuplicateJsonObjectContextCustomizer@3e92efc3, org.springframework.boot.test.mock.mockito.MockitoContextCustomizer@0, org.springframework.boot.test.web.client.TestRestTemplateContextCustomizer@21de60b4, org.springframework.boot.test.autoconfigure.properties.PropertyMappingContextCustomizer@0, org.springframework.boot.test.autoconfigure.web.servlet.WebDriverContextCustomizerFactory$Customizer@3d51f06e], resourceBasePath = 'src/main/webapp', contextLoader = 'org.springframework.boot.test.context.SpringBootContextLoader', parent = [null]], attributes = map['org.springframework.test.context.web.ServletTestExecutionListener.activateListener' -> false]], class annotated with @DirtiesContext [false] with mode [null].
17:06:19.626 [main] DEBUG org.springframework.test.context.support.DependencyInjectionTestExecutionListener - Performing dependency injection for test context [[DefaultTestContext@48aca48b testClass = HelloControllerTest, testInstance = pl.pandait.panda.HelloControllerTest@6c1a5b54, testMethod = [null], testException = [null], mergedContextConfiguration = [WebMergedContextConfiguration@13fd2ccd testClass = HelloControllerTest, locations = '{}', classes = '{class pl.pandait.panda.PandaApplication}', contextInitializerClasses = '[]', activeProfiles = '{}', propertySourceLocations = '{}', propertySourceProperties = '{org.springframework.boot.test.context.SpringBootTestContextBootstrapper=true, server.port=0}', contextCustomizers = set[org.springframework.boot.test.context.filter.ExcludeFilterContextCustomizer@470f1802, org.springframework.boot.test.json.DuplicateJsonObjectContextCustomizerFactory$DuplicateJsonObjectContextCustomizer@3e92efc3, org.springframework.boot.test.mock.mockito.MockitoContextCustomizer@0, org.springframework.boot.test.web.client.TestRestTemplateContextCustomizer@21de60b4, org.springframework.boot.test.autoconfigure.properties.PropertyMappingContextCustomizer@0, org.springframework.boot.test.autoconfigure.web.servlet.WebDriverContextCustomizerFactory$Customizer@3d51f06e], resourceBasePath = 'src/main/webapp', contextLoader = 'org.springframework.boot.test.context.SpringBootContextLoader', parent = [null]], attributes = map['org.springframework.test.context.web.ServletTestExecutionListener.activateListener' -> false]]].
17:06:20.254 [main] DEBUG org.springframework.test.context.support.TestPropertySourceUtils - Adding inlined properties to environment: {spring.jmx.enabled=false, org.springframework.boot.test.context.SpringBootTestContextBootstrapper=true, server.port=0}

  .   ____          _            __ _ _
 /\\ / ___'_ __ _ _(_)_ __  __ _ \ \ \ \
( ( )\___ | '_ | '_| | '_ \/ _` | \ \ \ \
 \\/  ___)| |_)| | | | | || (_| |  ) ) ) )
  '  |____| .__|_| |_|_| |_\__, | / / / /
 =========|_|==============|___/=/_/_/_/
 :: Spring Boot ::        (v2.2.4.RELEASE)

2020-05-22 17:06:33.154  INFO 176 --- [           main] pl.pandait.panda.HelloControllerTest     : Starting HelloControllerTest on ca90bc7b74c2 with PID 176 (started by jenkins in /var/jenkins_home/workspace/Maven)
2020-05-22 17:06:33.231  INFO 176 --- [           main] pl.pandait.panda.HelloControllerTest     : No active profile set, falling back to default profiles: default
2020-05-22 17:07:37.981  INFO 176 --- [           main] o.s.b.w.embedded.tomcat.TomcatWebServer  : Tomcat initialized with port(s): 0 (http)
2020-05-22 17:07:38.637  INFO 176 --- [           main] o.apache.catalina.core.StandardService   : Starting service [Tomcat]
2020-05-22 17:07:38.644  INFO 176 --- [           main] org.apache.catalina.core.StandardEngine  : Starting Servlet engine: [Apache Tomcat/9.0.30]
2020-05-22 17:07:44.397  INFO 176 --- [           main] o.a.c.c.C.[Tomcat].[localhost].[/]       : Initializing Spring embedded WebApplicationContext
2020-05-22 17:07:44.418  INFO 176 --- [           main] o.s.web.context.ContextLoader            : Root WebApplicationContext: initialization completed in 69990 ms
2020-05-22 17:08:08.744  INFO 176 --- [           main] o.s.s.concurrent.ThreadPoolTaskExecutor  : Initializing ExecutorService 'applicationTaskExecutor'
2020-05-22 17:08:16.298  INFO 176 --- [           main] o.s.b.a.w.s.WelcomePageHandlerMapping    : Adding welcome page: class path resource [static/index.html]
2020-05-22 17:08:47.870  INFO 176 --- [           main] o.s.b.w.embedded.tomcat.TomcatWebServer  : Tomcat started on port(s): 45411 (http) with context path ''
2020-05-22 17:08:47.990  INFO 176 --- [           main] pl.pandait.panda.HelloControllerTest     : Started HelloControllerTest in 147.632 seconds (JVM running for 185.26)
2020-05-22 17:08:53.466  INFO 176 --- [           main] o.s.mock.web.MockServletContext          : Initializing Spring TestDispatcherServlet ''
2020-05-22 17:08:53.479  INFO 176 --- [           main] o.s.t.web.servlet.TestDispatcherServlet  : Initializing Servlet ''
2020-05-22 17:08:53.499  INFO 176 --- [           main] o.s.t.web.servlet.TestDispatcherServlet  : Completed initialization in 5 ms
Tests run: 1, Failures: 0, Errors: 0, Skipped: 0, Time elapsed: 172.858 sec - in pl.pandait.panda.HelloControllerTest
Running pl.pandait.panda.PandaApplicationTest
2020-05-22 17:08:55.296  INFO 176 --- [           main] .b.t.c.SpringBootTestContextBootstrapper : Neither @ContextConfiguration nor @ContextHierarchy found for test class [pl.pandait.panda.PandaApplicationTest], using SpringBootContextLoader
2020-05-22 17:08:55.325  INFO 176 --- [           main] o.s.t.c.support.AbstractContextLoader    : Could not detect default resource locations for test class [pl.pandait.panda.PandaApplicationTest]: no resource found for suffixes {-context.xml, Context.groovy}.
2020-05-22 17:08:55.344  INFO 176 --- [           main] t.c.s.AnnotationConfigContextLoaderUtils : Could not detect default configuration classes for test class [pl.pandait.panda.PandaApplicationTest]: PandaApplicationTest does not declare any static, non-private, non-final, nested classes annotated with @Configuration.
2020-05-22 17:08:55.383  INFO 176 --- [           main] .b.t.c.SpringBootTestContextBootstrapper : Found @SpringBootConfiguration pl.pandait.panda.PandaApplication for test class pl.pandait.panda.PandaApplicationTest
2020-05-22 17:08:55.467  INFO 176 --- [           main] .b.t.c.SpringBootTestContextBootstrapper : Loaded default TestExecutionListener class names from location [META-INF/spring.factories]: [org.springframework.boot.test.mock.mockito.MockitoTestExecutionListener, org.springframework.boot.test.mock.mockito.ResetMocksTestExecutionListener, org.springframework.boot.test.autoconfigure.restdocs.RestDocsTestExecutionListener, org.springframework.boot.test.autoconfigure.web.client.MockRestServiceServerResetTestExecutionListener, org.springframework.boot.test.autoconfigure.web.servlet.MockMvcPrintOnlyOnFailureTestExecutionListener, org.springframework.boot.test.autoconfigure.web.servlet.WebDriverTestExecutionListener, org.springframework.test.context.web.ServletTestExecutionListener, org.springframework.test.context.support.DirtiesContextBeforeModesTestExecutionListener, org.springframework.test.context.support.DependencyInjectionTestExecutionListener, org.springframework.test.context.support.DirtiesContextTestExecutionListener, org.springframework.test.context.transaction.TransactionalTestExecutionListener, org.springframework.test.context.jdbc.SqlScriptsTestExecutionListener, org.springframework.test.context.event.EventPublishingTestExecutionListener]
2020-05-22 17:08:55.536  INFO 176 --- [           main] .b.t.c.SpringBootTestContextBootstrapper : Using TestExecutionListeners: [org.springframework.test.context.web.ServletTestExecutionListener@4c58255, org.springframework.test.context.support.DirtiesContextBeforeModesTestExecutionListener@eac3a26, org.springframework.boot.test.mock.mockito.MockitoTestExecutionListener@10b1a751, org.springframework.boot.test.autoconfigure.SpringBootDependencyInjectionTestExecutionListener@53cf9c99, org.springframework.test.context.support.DirtiesContextTestExecutionListener@7b306b9f, org.springframework.test.context.event.EventPublishingTestExecutionListener@142213d5, org.springframework.boot.test.mock.mockito.ResetMocksTestExecutionListener@934b52f, org.springframework.boot.test.autoconfigure.restdocs.RestDocsTestExecutionListener@2630dbc4, org.springframework.boot.test.autoconfigure.web.client.MockRestServiceServerResetTestExecutionListener@5ea4300e, org.springframework.boot.test.autoconfigure.web.servlet.MockMvcPrintOnlyOnFailureTestExecutionListener@5a1c3cb4, org.springframework.boot.test.autoconfigure.web.servlet.WebDriverTestExecutionListener@76ad6715]

  .   ____          _            __ _ _
 /\\ / ___'_ __ _ _(_)_ __  __ _ \ \ \ \
( ( )\___ | '_ | '_| | '_ \/ _` | \ \ \ \
 \\/  ___)| |_)| | | | | || (_| |  ) ) ) )
  '  |____| .__|_| |_|_| |_\__, | / / / /
 =========|_|==============|___/=/_/_/_/
 :: Spring Boot ::        (v2.2.4.RELEASE)

2020-05-22 17:08:57.413  INFO 176 --- [           main] pl.pandait.panda.PandaApplicationTest    : Starting PandaApplicationTest on ca90bc7b74c2 with PID 176 (started by jenkins in /var/jenkins_home/workspace/Maven)
2020-05-22 17:08:57.455  INFO 176 --- [           main] pl.pandait.panda.PandaApplicationTest    : No active profile set, falling back to default profiles: default
2020-05-22 17:09:20.482  INFO 176 --- [           main] o.s.s.concurrent.ThreadPoolTaskExecutor  : Initializing ExecutorService 'applicationTaskExecutor'
2020-05-22 17:09:21.651  INFO 176 --- [           main] o.s.b.a.w.s.WelcomePageHandlerMapping    : Adding welcome page: class path resource [static/index.html]
2020-05-22 17:09:26.672  INFO 176 --- [           main] pl.pandait.panda.PandaApplicationTest    : Started PandaApplicationTest in 30.971 seconds (JVM running for 223.942)
Tests run: 1, Failures: 0, Errors: 0, Skipped: 0, Time elapsed: 31.13 sec - in pl.pandait.panda.PandaApplicationTest
2020-05-22 17:09:27.369  INFO 176 --- [extShutdownHook] o.s.s.concurrent.ThreadPoolTaskExecutor  : Shutting down ExecutorService 'applicationTaskExecutor'
2020-05-22 17:09:27.416  INFO 176 --- [extShutdownHook] o.s.s.concurrent.ThreadPoolTaskExecutor  : Shutting down ExecutorService 'applicationTaskExecutor'

Results :

Tests run: 2, Failures: 0, Errors: 0, Skipped: 0

[INFO] 
[8mha:////4KSeLriNqbCwDrnkLRgK7C9Kt9i/ZoPGVXfpOB8wwfv4AAAAYB+LCAAAAAAAAP9b85aBtbiIQSmjNKU4P0+vJLE4u1gvPjexLDVPzxdEGvvmZ+X75ZekLlOVfvTjc8FPJgaGiiIGKaiG5Py84vycVD1nCA1SyAABjCCFBQCV27OjYAAAAA==[0m[INFO] --- maven-jar-plugin:3.1.2:jar (default-jar) @ panda ---
[INFO] Building jar: /var/jenkins_home/workspace/Maven/target/panda-3.1.0-SNAPSHOT.jar
[INFO] 
[8mha:////4KSeLriNqbCwDrnkLRgK7C9Kt9i/ZoPGVXfpOB8wwfv4AAAAYB+LCAAAAAAAAP9b85aBtbiIQSmjNKU4P0+vJLE4u1gvPjexLDVPzxdEGvvmZ+X75ZekLlOVfvTjc8FPJgaGiiIGKaiG5Py84vycVD1nCA1SyAABjCCFBQCV27OjYAAAAA==[0m[INFO] --- spring-boot-maven-plugin:2.2.4.RELEASE:repackage (repackage) @ panda ---
[INFO] Replacing main artifact with repackaged archive
[INFO] 
[8mha:////4KSeLriNqbCwDrnkLRgK7C9Kt9i/ZoPGVXfpOB8wwfv4AAAAYB+LCAAAAAAAAP9b85aBtbiIQSmjNKU4P0+vJLE4u1gvPjexLDVPzxdEGvvmZ+X75ZekLlOVfvTjc8FPJgaGiiIGKaiG5Py84vycVD1nCA1SyAABjCCFBQCV27OjYAAAAA==[0m[INFO] --- maven-install-plugin:2.5.2:install (default-install) @ panda ---
[INFO] Installing /var/jenkins_home/workspace/Maven/target/panda-3.1.0-SNAPSHOT.jar to /var/jenkins_home/.m2/repository/pl/pandait/panda/3.1.0-SNAPSHOT/panda-3.1.0-SNAPSHOT.jar
[INFO] Installing /var/jenkins_home/workspace/Maven/pom.xml to /var/jenkins_home/.m2/repository/pl/pandait/panda/3.1.0-SNAPSHOT/panda-3.1.0-SNAPSHOT.pom
[INFO] ------------------------------------------------------------------------
[INFO] BUILD SUCCESS
[INFO] ------------------------------------------------------------------------
[INFO] Total time:  05:23 min
[INFO] Finished at: 2020-05-22T17:10:14Z
[INFO] ------------------------------------------------------------------------
[Maven] $ /bin/sh -xe /tmp/jenkins7176352789830614729.sh
+ cd target
+ sleep 5
+ java -jar panda-1.1.0.jar panda-3.1.0-SNAPSHOT.jar
Process leaked file descriptors. See https://jenkins.io/redirect/troubleshooting/process-leaked-file-descriptors for more information
[Maven] $ /var/jenkins_home/tools/hudson.tasks.Maven_MavenInstallation/maven_3.6.3/bin/mvn test -Pselenium

  .   ____          _            __ _ _
 /\\ / ___'_ __ _ _(_)_ __  __ _ \ \ \ \
( ( )\___ | '_ | '_| | '_ \/ _` | \ \ \ \
 \\/  ___)| |_)| | | | | || (_| |  ) ) ) )
  '  |____| .__|_| |_|_| |_\__, | / / / /
 =========|_|==============|___/=/_/_/_/
[INFO] Scanning for projects...
[INFO] 
[INFO] --------------------------< pl.pandait:panda >--------------------------
[INFO] Building panda 3.1.0-SNAPSHOT
[INFO] --------------------------------[ jar ]---------------------------------
[INFO] 
[8mha:////4KSeLriNqbCwDrnkLRgK7C9Kt9i/ZoPGVXfpOB8wwfv4AAAAYB+LCAAAAAAAAP9b85aBtbiIQSmjNKU4P0+vJLE4u1gvPjexLDVPzxdEGvvmZ+X75ZekLlOVfvTjc8FPJgaGiiIGKaiG5Py84vycVD1nCA1SyAABjCCFBQCV27OjYAAAAA==[0m[INFO] --- maven-resources-plugin:3.1.0:resources (default-resources) @ panda ---
[INFO] Using 'UTF-8' encoding to copy filtered resources.
[INFO] Copying 1 resource
[INFO] Copying 2 resources
[INFO] 
[8mha:////4KSeLriNqbCwDrnkLRgK7C9Kt9i/ZoPGVXfpOB8wwfv4AAAAYB+LCAAAAAAAAP9b85aBtbiIQSmjNKU4P0+vJLE4u1gvPjexLDVPzxdEGvvmZ+X75ZekLlOVfvTjc8FPJgaGiiIGKaiG5Py84vycVD1nCA1SyAABjCCFBQCV27OjYAAAAA==[0m[INFO] --- maven-compiler-plugin:3.8.1:compile (default-compile) @ panda ---
[INFO] Changes detected - recompiling the module!
[INFO] Compiling 2 source files to /var/jenkins_home/workspace/Maven/target/classes
[INFO] 
[8mha:////4KSeLriNqbCwDrnkLRgK7C9Kt9i/ZoPGVXfpOB8wwfv4AAAAYB+LCAAAAAAAAP9b85aBtbiIQSmjNKU4P0+vJLE4u1gvPjexLDVPzxdEGvvmZ+X75ZekLlOVfvTjc8FPJgaGiiIGKaiG5Py84vycVD1nCA1SyAABjCCFBQCV27OjYAAAAA==[0m[INFO] --- maven-resources-plugin:3.1.0:testResources (default-testResources) @ panda ---
[INFO] Using 'UTF-8' encoding to copy filtered resources.
[INFO] skip non existing resourceDirectory /var/jenkins_home/workspace/Maven/src/test/resources
[INFO] 
[8mha:////4KSeLriNqbCwDrnkLRgK7C9Kt9i/ZoPGVXfpOB8wwfv4AAAAYB+LCAAAAAAAAP9b85aBtbiIQSmjNKU4P0+vJLE4u1gvPjexLDVPzxdEGvvmZ+X75ZekLlOVfvTjc8FPJgaGiiIGKaiG5Py84vycVD1nCA1SyAABjCCFBQCV27OjYAAAAA==[0m[INFO] --- maven-compiler-plugin:3.8.1:testCompile (default-testCompile) @ panda ---
[INFO] Changes detected - recompiling the module!
[INFO] Compiling 3 source files to /var/jenkins_home/workspace/Maven/target/test-classes
[INFO] 
[8mha:////4KSeLriNqbCwDrnkLRgK7C9Kt9i/ZoPGVXfpOB8wwfv4AAAAYB+LCAAAAAAAAP9b85aBtbiIQSmjNKU4P0+vJLE4u1gvPjexLDVPzxdEGvvmZ+X75ZekLlOVfvTjc8FPJgaGiiIGKaiG5Py84vycVD1nCA1SyAABjCCFBQCV27OjYAAAAA==[0m[INFO] --- maven-surefire-plugin:2.19.1:test (default-test) @ panda ---

-------------------------------------------------------
 T E S T S
-------------------------------------------------------
Running pl.pandait.panda.PandaApplicationSeleniumTest
Tests run: 1, Failures: 0, Errors: 1, Skipped: 0, Time elapsed: 1.575 sec <<< FAILURE! - in pl.pandait.panda.PandaApplicationSeleniumTest
pl.pandait.panda.PandaApplicationSeleniumTest  Time elapsed: 1.521 sec  <<< ERROR!
java.lang.IllegalStateException: Specified firefox binary location does not exist or is not a real file: /usr/bin/firefox
	at pl.pandait.panda.PandaApplicationSeleniumTest.startup(PandaApplicationSeleniumTest.java:26)


Results :

Tests in error: 
  PandaApplicationSeleniumTest.startup:26 Â» IllegalState Specified firefox binar...

Tests run: 1, Failures: 0, Errors: 1, Skipped: 0

[INFO] ------------------------------------------------------------------------
[INFO] BUILD FAILURE
[INFO] ------------------------------------------------------------------------
[INFO] Total time:  02:14 min
[INFO] Finished at: 2020-05-22T17:14:22Z
[INFO] ------------------------------------------------------------------------
[8mha:////4CRf02W3yrJSGv2pEsMdmdi9CVbou4p6imzQEXQRxnTaAAAAYB+LCAAAAAAAAP9b85aBtbiIQSmjNKU4P0+vJLE4u1gvPjexLDVPzxdEuhYV5Rf55ZekOlc7RKnPKH7IxMBQUcQgBdWQnJ9XnJ+TqucMoUEKGSCAEaSwAACsNFCqYAAAAA==[0m[ERROR] Failed to execute goal org.apache.maven.plugins:maven-surefire-plugin:2.19.1:test (default-test) on project panda: There are test failures.
[8mha:////4CRf02W3yrJSGv2pEsMdmdi9CVbou4p6imzQEXQRxnTaAAAAYB+LCAAAAAAAAP9b85aBtbiIQSmjNKU4P0+vJLE4u1gvPjexLDVPzxdEuhYV5Rf55ZekOlc7RKnPKH7IxMBQUcQgBdWQnJ9XnJ+TqucMoUEKGSCAEaSwAACsNFCqYAAAAA==[0m[ERROR] 
[8mha:////4CRf02W3yrJSGv2pEsMdmdi9CVbou4p6imzQEXQRxnTaAAAAYB+LCAAAAAAAAP9b85aBtbiIQSmjNKU4P0+vJLE4u1gvPjexLDVPzxdEuhYV5Rf55ZekOlc7RKnPKH7IxMBQUcQgBdWQnJ9XnJ+TqucMoUEKGSCAEaSwAACsNFCqYAAAAA==[0m[ERROR] Please refer to /var/jenkins_home/workspace/Maven/target/surefire-reports for the individual test results.
[8mha:////4CRf02W3yrJSGv2pEsMdmdi9CVbou4p6imzQEXQRxnTaAAAAYB+LCAAAAAAAAP9b85aBtbiIQSmjNKU4P0+vJLE4u1gvPjexLDVPzxdEuhYV5Rf55ZekOlc7RKnPKH7IxMBQUcQgBdWQnJ9XnJ+TqucMoUEKGSCAEaSwAACsNFCqYAAAAA==[0m[ERROR] -> [Help 1]
[8mha:////4CRf02W3yrJSGv2pEsMdmdi9CVbou4p6imzQEXQRxnTaAAAAYB+LCAAAAAAAAP9b85aBtbiIQSmjNKU4P0+vJLE4u1gvPjexLDVPzxdEuhYV5Rf55ZekOlc7RKnPKH7IxMBQUcQgBdWQnJ9XnJ+TqucMoUEKGSCAEaSwAACsNFCqYAAAAA==[0m[ERROR] 
[8mha:////4CRf02W3yrJSGv2pEsMdmdi9CVbou4p6imzQEXQRxnTaAAAAYB+LCAAAAAAAAP9b85aBtbiIQSmjNKU4P0+vJLE4u1gvPjexLDVPzxdEuhYV5Rf55ZekOlc7RKnPKH7IxMBQUcQgBdWQnJ9XnJ+TqucMoUEKGSCAEaSwAACsNFCqYAAAAA==[0m[ERROR] To see the full stack trace of the errors, re-run Maven with the -e switch.
[8mha:////4CRf02W3yrJSGv2pEsMdmdi9CVbou4p6imzQEXQRxnTaAAAAYB+LCAAAAAAAAP9b85aBtbiIQSmjNKU4P0+vJLE4u1gvPjexLDVPzxdEuhYV5Rf55ZekOlc7RKnPKH7IxMBQUcQgBdWQnJ9XnJ+TqucMoUEKGSCAEaSwAACsNFCqYAAAAA==[0m[ERROR] Re-run Maven using the -X switch to enable full debug logging.
[8mha:////4CRf02W3yrJSGv2pEsMdmdi9CVbou4p6imzQEXQRxnTaAAAAYB+LCAAAAAAAAP9b85aBtbiIQSmjNKU4P0+vJLE4u1gvPjexLDVPzxdEuhYV5Rf55ZekOlc7RKnPKH7IxMBQUcQgBdWQnJ9XnJ+TqucMoUEKGSCAEaSwAACsNFCqYAAAAA==[0m[ERROR] 
[8mha:////4CRf02W3yrJSGv2pEsMdmdi9CVbou4p6imzQEXQRxnTaAAAAYB+LCAAAAAAAAP9b85aBtbiIQSmjNKU4P0+vJLE4u1gvPjexLDVPzxdEuhYV5Rf55ZekOlc7RKnPKH7IxMBQUcQgBdWQnJ9XnJ+TqucMoUEKGSCAEaSwAACsNFCqYAAAAA==[0m[ERROR] For more information about the errors and possible solutions, please read the following articles:
[8mha:////4CRf02W3yrJSGv2pEsMdmdi9CVbou4p6imzQEXQRxnTaAAAAYB+LCAAAAAAAAP9b85aBtbiIQSmjNKU4P0+vJLE4u1gvPjexLDVPzxdEuhYV5Rf55ZekOlc7RKnPKH7IxMBQUcQgBdWQnJ9XnJ+TqucMoUEKGSCAEaSwAACsNFCqYAAAAA==[0m[ERROR] [Help 1] http://cwiki.apache.org/confluence/display/MAVEN/MojoFailureException
Build step 'Invoke top-level Maven targets' marked build as failure
Finished: FAILURE
