Started by user [8mha:////4MAeyVsjHU8KmcTUzGMtjIpEdH4Vc6eNPu5KU8SERoSVAAAAlx+LCAAAAAAAAP9b85aBtbiIQTGjNKU4P08vOT+vOD8nVc83PyU1x6OyILUoJzMv2y+/JJUBAhiZGBgqihhk0NSjKDWzXb3RdlLBUSYGJk8GtpzUvPSSDB8G5tKinBIGIZ+sxLJE/ZzEvHT94JKizLx0a6BxUmjGOUNodHsLgAzWEgZu/dLi1CL9gsS8lEQACjKVYMAAAAA=[0mpanda
Running as SYSTEM
Building in workspace /var/lib/jenkins/workspace/Maven
using credential 10a6697c-4596-4ff1-a628-1379e7a7f09d
 > git rev-parse --is-inside-work-tree # timeout=10
Fetching changes from the remote Git repository
 > git config remote.origin.url https://github.com/annape789/app # timeout=10
Fetching upstream changes from https://github.com/annape789/app
 > git --version # timeout=10
using GIT_ASKPASS to set credentials GitHub
 > git fetch --tags --progress -- https://github.com/annape789/app +refs/heads/*:refs/remotes/origin/* # timeout=10
Seen branch in repository origin/dev
Seen branch in repository origin/feature/selenium
Seen branch in repository origin/master
Seen 3 remote branches
 > git show-ref --tags -d # timeout=10
Checking out Revision 1d06a6dcad6fc2ae5bec5e5a322136d928e34f9d (origin/dev)
 > git config core.sparsecheckout # timeout=10
 > git checkout -f 1d06a6dcad6fc2ae5bec5e5a322136d928e34f9d # timeout=10
Commit message: "testy selenium, selenium grid, gekodriver"
 > git rev-list --no-walk 1d06a6dcad6fc2ae5bec5e5a322136d928e34f9d # timeout=10
using settings config with name MavenSettings
Replacing all maven server entries not found in credentials list is true
[Maven] $ /var/lib/jenkins/tools/hudson.tasks.Maven_MavenInstallation/maven_3.6.3/bin/mvn -s /tmp/settings12868243384601685276.xml install
[INFO] Scanning for projects...
[INFO] 
[INFO] --------------------------< pl.pandait:panda >--------------------------
[INFO] Building panda 3.1.0-SNAPSHOT
[INFO] --------------------------------[ jar ]---------------------------------
[INFO] 
[8mha:////4KSeLriNqbCwDrnkLRgK7C9Kt9i/ZoPGVXfpOB8wwfv4AAAAYB+LCAAAAAAAAP9b85aBtbiIQSmjNKU4P0+vJLE4u1gvPjexLDVPzxdEGvvmZ+X75ZekLlOVfvTjc8FPJgaGiiIGKaiG5Py84vycVD1nCA1SyAABjCCFBQCV27OjYAAAAA==[0m[INFO] --- maven-resources-plugin:3.1.0:resources (default-resources) @ panda ---
[INFO] Using 'UTF-8' encoding to copy filtered resources.
[INFO] Copying 1 resource
[INFO] Copying 2 resources
[INFO] 
[8mha:////4KSeLriNqbCwDrnkLRgK7C9Kt9i/ZoPGVXfpOB8wwfv4AAAAYB+LCAAAAAAAAP9b85aBtbiIQSmjNKU4P0+vJLE4u1gvPjexLDVPzxdEGvvmZ+X75ZekLlOVfvTjc8FPJgaGiiIGKaiG5Py84vycVD1nCA1SyAABjCCFBQCV27OjYAAAAA==[0m[INFO] --- maven-compiler-plugin:3.8.1:compile (default-compile) @ panda ---
[INFO] Nothing to compile - all classes are up to date
[INFO] 
[8mha:////4KSeLriNqbCwDrnkLRgK7C9Kt9i/ZoPGVXfpOB8wwfv4AAAAYB+LCAAAAAAAAP9b85aBtbiIQSmjNKU4P0+vJLE4u1gvPjexLDVPzxdEGvvmZ+X75ZekLlOVfvTjc8FPJgaGiiIGKaiG5Py84vycVD1nCA1SyAABjCCFBQCV27OjYAAAAA==[0m[INFO] --- maven-resources-plugin:3.1.0:testResources (default-testResources) @ panda ---
[INFO] Using 'UTF-8' encoding to copy filtered resources.
[INFO] skip non existing resourceDirectory /var/lib/jenkins/workspace/Maven/src/test/resources
[INFO] 
[8mha:////4KSeLriNqbCwDrnkLRgK7C9Kt9i/ZoPGVXfpOB8wwfv4AAAAYB+LCAAAAAAAAP9b85aBtbiIQSmjNKU4P0+vJLE4u1gvPjexLDVPzxdEGvvmZ+X75ZekLlOVfvTjc8FPJgaGiiIGKaiG5Py84vycVD1nCA1SyAABjCCFBQCV27OjYAAAAA==[0m[INFO] --- maven-compiler-plugin:3.8.1:testCompile (default-testCompile) @ panda ---
[INFO] Nothing to compile - all classes are up to date
[INFO] 
[8mha:////4KSeLriNqbCwDrnkLRgK7C9Kt9i/ZoPGVXfpOB8wwfv4AAAAYB+LCAAAAAAAAP9b85aBtbiIQSmjNKU4P0+vJLE4u1gvPjexLDVPzxdEGvvmZ+X75ZekLlOVfvTjc8FPJgaGiiIGKaiG5Py84vycVD1nCA1SyAABjCCFBQCV27OjYAAAAA==[0m[INFO] --- maven-surefire-plugin:2.19.1:test (default-test) @ panda ---

-------------------------------------------------------
 T E S T S
-------------------------------------------------------
Running pl.pandait.panda.HelloControllerTest
12:21:13.048 [main] DEBUG org.springframework.test.context.BootstrapUtils - Instantiating CacheAwareContextLoaderDelegate from class [org.springframework.test.context.cache.DefaultCacheAwareContextLoaderDelegate]
12:21:13.117 [main] DEBUG org.springframework.test.context.BootstrapUtils - Instantiating BootstrapContext using constructor [public org.springframework.test.context.support.DefaultBootstrapContext(java.lang.Class,org.springframework.test.context.CacheAwareContextLoaderDelegate)]
12:21:13.288 [main] DEBUG org.springframework.test.context.BootstrapUtils - Instantiating TestContextBootstrapper for test class [pl.pandait.panda.HelloControllerTest] from class [org.springframework.boot.test.context.SpringBootTestContextBootstrapper]
12:21:13.387 [main] INFO org.springframework.boot.test.context.SpringBootTestContextBootstrapper - Neither @ContextConfiguration nor @ContextHierarchy found for test class [pl.pandait.panda.HelloControllerTest], using SpringBootContextLoader
12:21:13.417 [main] DEBUG org.springframework.test.context.support.AbstractContextLoader - Did not detect default resource location for test class [pl.pandait.panda.HelloControllerTest]: class path resource [pl/pandait/panda/HelloControllerTest-context.xml] does not exist
12:21:13.419 [main] DEBUG org.springframework.test.context.support.AbstractContextLoader - Did not detect default resource location for test class [pl.pandait.panda.HelloControllerTest]: class path resource [pl/pandait/panda/HelloControllerTestContext.groovy] does not exist
12:21:13.420 [main] INFO org.springframework.test.context.support.AbstractContextLoader - Could not detect default resource locations for test class [pl.pandait.panda.HelloControllerTest]: no resource found for suffixes {-context.xml, Context.groovy}.
12:21:13.430 [main] INFO org.springframework.test.context.support.AnnotationConfigContextLoaderUtils - Could not detect default configuration classes for test class [pl.pandait.panda.HelloControllerTest]: HelloControllerTest does not declare any static, non-private, non-final, nested classes annotated with @Configuration.
12:21:13.644 [main] DEBUG org.springframework.test.context.support.ActiveProfilesUtils - Could not find an 'annotation declaring class' for annotation type [org.springframework.test.context.ActiveProfiles] and class [pl.pandait.panda.HelloControllerTest]
12:21:14.314 [main] DEBUG org.springframework.context.annotation.ClassPathScanningCandidateComponentProvider - Identified candidate component class: file [/var/lib/jenkins/workspace/Maven/target/classes/pl/pandait/panda/PandaApplication.class]
12:21:14.317 [main] INFO org.springframework.boot.test.context.SpringBootTestContextBootstrapper - Found @SpringBootConfiguration pl.pandait.panda.PandaApplication for test class pl.pandait.panda.HelloControllerTest
12:21:15.014 [main] DEBUG org.springframework.boot.test.context.SpringBootTestContextBootstrapper - @TestExecutionListeners is not present for class [pl.pandait.panda.HelloControllerTest]: using defaults.
12:21:15.027 [main] INFO org.springframework.boot.test.context.SpringBootTestContextBootstrapper - Loaded default TestExecutionListener class names from location [META-INF/spring.factories]: [org.springframework.boot.test.mock.mockito.MockitoTestExecutionListener, org.springframework.boot.test.mock.mockito.ResetMocksTestExecutionListener, org.springframework.boot.test.autoconfigure.restdocs.RestDocsTestExecutionListener, org.springframework.boot.test.autoconfigure.web.client.MockRestServiceServerResetTestExecutionListener, org.springframework.boot.test.autoconfigure.web.servlet.MockMvcPrintOnlyOnFailureTestExecutionListener, org.springframework.boot.test.autoconfigure.web.servlet.WebDriverTestExecutionListener, org.springframework.test.context.web.ServletTestExecutionListener, org.springframework.test.context.support.DirtiesContextBeforeModesTestExecutionListener, org.springframework.test.context.support.DependencyInjectionTestExecutionListener, org.springframework.test.context.support.DirtiesContextTestExecutionListener, org.springframework.test.context.transaction.TransactionalTestExecutionListener, org.springframework.test.context.jdbc.SqlScriptsTestExecutionListener, org.springframework.test.context.event.EventPublishingTestExecutionListener]
12:21:15.167 [main] DEBUG org.springframework.boot.test.context.SpringBootTestContextBootstrapper - Skipping candidate TestExecutionListener [org.springframework.test.context.transaction.TransactionalTestExecutionListener] due to a missing dependency. Specify custom listener classes or make the default listener classes and their required dependencies available. Offending class: [org/springframework/transaction/TransactionDefinition]
12:21:15.172 [main] DEBUG org.springframework.boot.test.context.SpringBootTestContextBootstrapper - Skipping candidate TestExecutionListener [org.springframework.test.context.jdbc.SqlScriptsTestExecutionListener] due to a missing dependency. Specify custom listener classes or make the default listener classes and their required dependencies available. Offending class: [org/springframework/transaction/interceptor/TransactionAttribute]
12:21:15.173 [main] INFO org.springframework.boot.test.context.SpringBootTestContextBootstrapper - Using TestExecutionListeners: [org.springframework.test.context.web.ServletTestExecutionListener@62e20a76, org.springframework.test.context.support.DirtiesContextBeforeModesTestExecutionListener@2cc44ad, org.springframework.boot.test.mock.mockito.MockitoTestExecutionListener@44b3606b, org.springframework.boot.test.autoconfigure.SpringBootDependencyInjectionTestExecutionListener@1477089c, org.springframework.test.context.support.DirtiesContextTestExecutionListener@663411de, org.springframework.test.context.event.EventPublishingTestExecutionListener@63dd899, org.springframework.boot.test.mock.mockito.ResetMocksTestExecutionListener@59d2400d, org.springframework.boot.test.autoconfigure.restdocs.RestDocsTestExecutionListener@75cd8043, org.springframework.boot.test.autoconfigure.web.client.MockRestServiceServerResetTestExecutionListener@33b1c5c5, org.springframework.boot.test.autoconfigure.web.servlet.MockMvcPrintOnlyOnFailureTestExecutionListener@5b202a3a, org.springframework.boot.test.autoconfigure.web.servlet.WebDriverTestExecutionListener@10b9db7b]
12:21:15.200 [main] DEBUG org.springframework.test.context.support.AbstractDirtiesContextTestExecutionListener - Before test class: context [DefaultTestContext@301ec38b testClass = HelloControllerTest, testInstance = [null], testMethod = [null], testException = [null], mergedContextConfiguration = [WebMergedContextConfiguration@17a1e4ca testClass = HelloControllerTest, locations = '{}', classes = '{class pl.pandait.panda.PandaApplication}', contextInitializerClasses = '[]', activeProfiles = '{}', propertySourceLocations = '{}', propertySourceProperties = '{org.springframework.boot.test.context.SpringBootTestContextBootstrapper=true, server.port=0}', contextCustomizers = set[org.springframework.boot.test.context.filter.ExcludeFilterContextCustomizer@2584b82d, org.springframework.boot.test.json.DuplicateJsonObjectContextCustomizerFactory$DuplicateJsonObjectContextCustomizer@7d3e8655, org.springframework.boot.test.mock.mockito.MockitoContextCustomizer@0, org.springframework.boot.test.web.client.TestRestTemplateContextCustomizer@37313c65, org.springframework.boot.test.autoconfigure.properties.PropertyMappingContextCustomizer@0, org.springframework.boot.test.autoconfigure.web.servlet.WebDriverContextCustomizerFactory$Customizer@13526e59], resourceBasePath = 'src/main/webapp', contextLoader = 'org.springframework.boot.test.context.SpringBootContextLoader', parent = [null]], attributes = map['org.springframework.test.context.web.ServletTestExecutionListener.activateListener' -> false]], class annotated with @DirtiesContext [false] with mode [null].
12:21:15.268 [main] DEBUG org.springframework.test.context.support.DependencyInjectionTestExecutionListener - Performing dependency injection for test context [[DefaultTestContext@301ec38b testClass = HelloControllerTest, testInstance = pl.pandait.panda.HelloControllerTest@2d1dee39, testMethod = [null], testException = [null], mergedContextConfiguration = [WebMergedContextConfiguration@17a1e4ca testClass = HelloControllerTest, locations = '{}', classes = '{class pl.pandait.panda.PandaApplication}', contextInitializerClasses = '[]', activeProfiles = '{}', propertySourceLocations = '{}', propertySourceProperties = '{org.springframework.boot.test.context.SpringBootTestContextBootstrapper=true, server.port=0}', contextCustomizers = set[org.springframework.boot.test.context.filter.ExcludeFilterContextCustomizer@2584b82d, org.springframework.boot.test.json.DuplicateJsonObjectContextCustomizerFactory$DuplicateJsonObjectContextCustomizer@7d3e8655, org.springframework.boot.test.mock.mockito.MockitoContextCustomizer@0, org.springframework.boot.test.web.client.TestRestTemplateContextCustomizer@37313c65, org.springframework.boot.test.autoconfigure.properties.PropertyMappingContextCustomizer@0, org.springframework.boot.test.autoconfigure.web.servlet.WebDriverContextCustomizerFactory$Customizer@13526e59], resourceBasePath = 'src/main/webapp', contextLoader = 'org.springframework.boot.test.context.SpringBootContextLoader', parent = [null]], attributes = map['org.springframework.test.context.web.ServletTestExecutionListener.activateListener' -> false]]].
12:21:15.380 [main] DEBUG org.springframework.test.context.support.TestPropertySourceUtils - Adding inlined properties to environment: {spring.jmx.enabled=false, org.springframework.boot.test.context.SpringBootTestContextBootstrapper=true, server.port=0}

  .   ____          _            __ _ _
 /\\ / ___'_ __ _ _(_)_ __  __ _ \ \ \ \
( ( )\___ | '_ | '_| | '_ \/ _` | \ \ \ \
 \\/  ___)| |_)| | | | | || (_| |  ) ) ) )
  '  |____| .__|_| |_|_| |_\__, | / / / /
 =========|_|==============|___/=/_/_/_/
 :: Spring Boot ::        (v2.2.4.RELEASE)

2020-05-20 12:21:18.909  INFO 13400 --- [           main] pl.pandait.panda.HelloControllerTest     : Starting HelloControllerTest on panda-VirtualBox with PID 13400 (started by jenkins in /var/lib/jenkins/workspace/Maven)
2020-05-20 12:21:18.927  INFO 13400 --- [           main] pl.pandait.panda.HelloControllerTest     : No active profile set, falling back to default profiles: default
2020-05-20 12:21:27.016  INFO 13400 --- [           main] o.s.b.w.embedded.tomcat.TomcatWebServer  : Tomcat initialized with port(s): 0 (http)
2020-05-20 12:21:27.129  INFO 13400 --- [           main] o.apache.catalina.core.StandardService   : Starting service [Tomcat]
2020-05-20 12:21:27.130  INFO 13400 --- [           main] org.apache.catalina.core.StandardEngine  : Starting Servlet engine: [Apache Tomcat/9.0.30]
2020-05-20 12:21:27.923  INFO 13400 --- [           main] o.a.c.c.C.[Tomcat].[localhost].[/]       : Initializing Spring embedded WebApplicationContext
2020-05-20 12:21:27.926  INFO 13400 --- [           main] o.s.web.context.ContextLoader            : Root WebApplicationContext: initialization completed in 8700 ms
2020-05-20 12:21:30.375  INFO 13400 --- [           main] o.s.s.concurrent.ThreadPoolTaskExecutor  : Initializing ExecutorService 'applicationTaskExecutor'
2020-05-20 12:21:30.878  INFO 13400 --- [           main] o.s.b.a.w.s.WelcomePageHandlerMapping    : Adding welcome page: class path resource [static/index.html]
2020-05-20 12:21:34.352  INFO 13400 --- [           main] o.s.b.w.embedded.tomcat.TomcatWebServer  : Tomcat started on port(s): 37463 (http) with context path ''
2020-05-20 12:21:34.416  INFO 13400 --- [           main] pl.pandait.panda.HelloControllerTest     : Started HelloControllerTest in 18.974 seconds (JVM running for 28.418)
2020-05-20 12:21:37.034  INFO 13400 --- [           main] o.s.mock.web.MockServletContext          : Initializing Spring TestDispatcherServlet ''
2020-05-20 12:21:37.038  INFO 13400 --- [           main] o.s.t.web.servlet.TestDispatcherServlet  : Initializing Servlet ''
2020-05-20 12:21:37.040  INFO 13400 --- [           main] o.s.t.web.servlet.TestDispatcherServlet  : Completed initialization in 1 ms
Tests run: 1, Failures: 0, Errors: 0, Skipped: 0, Time elapsed: 26.935 sec - in pl.pandait.panda.HelloControllerTest
Running pl.pandait.panda.PandaApplicationTest
2020-05-20 12:21:38.268  INFO 13400 --- [           main] .b.t.c.SpringBootTestContextBootstrapper : Neither @ContextConfiguration nor @ContextHierarchy found for test class [pl.pandait.panda.PandaApplicationTest], using SpringBootContextLoader
2020-05-20 12:21:38.285  INFO 13400 --- [           main] o.s.t.c.support.AbstractContextLoader    : Could not detect default resource locations for test class [pl.pandait.panda.PandaApplicationTest]: no resource found for suffixes {-context.xml, Context.groovy}.
2020-05-20 12:21:38.292  INFO 13400 --- [           main] t.c.s.AnnotationConfigContextLoaderUtils : Could not detect default configuration classes for test class [pl.pandait.panda.PandaApplicationTest]: PandaApplicationTest does not declare any static, non-private, non-final, nested classes annotated with @Configuration.
2020-05-20 12:21:38.298  INFO 13400 --- [           main] .b.t.c.SpringBootTestContextBootstrapper : Found @SpringBootConfiguration pl.pandait.panda.PandaApplication for test class pl.pandait.panda.PandaApplicationTest
2020-05-20 12:21:38.419  INFO 13400 --- [           main] .b.t.c.SpringBootTestContextBootstrapper : Loaded default TestExecutionListener class names from location [META-INF/spring.factories]: [org.springframework.boot.test.mock.mockito.MockitoTestExecutionListener, org.springframework.boot.test.mock.mockito.ResetMocksTestExecutionListener, org.springframework.boot.test.autoconfigure.restdocs.RestDocsTestExecutionListener, org.springframework.boot.test.autoconfigure.web.client.MockRestServiceServerResetTestExecutionListener, org.springframework.boot.test.autoconfigure.web.servlet.MockMvcPrintOnlyOnFailureTestExecutionListener, org.springframework.boot.test.autoconfigure.web.servlet.WebDriverTestExecutionListener, org.springframework.test.context.web.ServletTestExecutionListener, org.springframework.test.context.support.DirtiesContextBeforeModesTestExecutionListener, org.springframework.test.context.support.DependencyInjectionTestExecutionListener, org.springframework.test.context.support.DirtiesContextTestExecutionListener, org.springframework.test.context.transaction.TransactionalTestExecutionListener, org.springframework.test.context.jdbc.SqlScriptsTestExecutionListener, org.springframework.test.context.event.EventPublishingTestExecutionListener]
2020-05-20 12:21:38.478  INFO 13400 --- [           main] .b.t.c.SpringBootTestContextBootstrapper : Using TestExecutionListeners: [org.springframework.test.context.web.ServletTestExecutionListener@647fb583, org.springframework.test.context.support.DirtiesContextBeforeModesTestExecutionListener@7cd3e0da, org.springframework.boot.test.mock.mockito.MockitoTestExecutionListener@919086, org.springframework.boot.test.autoconfigure.SpringBootDependencyInjectionTestExecutionListener@67e77f52, org.springframework.test.context.support.DirtiesContextTestExecutionListener@7ead1d80, org.springframework.test.context.event.EventPublishingTestExecutionListener@1d1bf7bf, org.springframework.boot.test.mock.mockito.ResetMocksTestExecutionListener@1182413a, org.springframework.boot.test.autoconfigure.restdocs.RestDocsTestExecutionListener@4d43a1b7, org.springframework.boot.test.autoconfigure.web.client.MockRestServiceServerResetTestExecutionListener@5b14f482, org.springframework.boot.test.autoconfigure.web.servlet.MockMvcPrintOnlyOnFailureTestExecutionListener@19705650, org.springframework.boot.test.autoconfigure.web.servlet.WebDriverTestExecutionListener@1a785fd5]

  .   ____          _            __ _ _
 /\\ / ___'_ __ _ _(_)_ __  __ _ \ \ \ \
( ( )\___ | '_ | '_| | '_ \/ _` | \ \ \ \
 \\/  ___)| |_)| | | | | || (_| |  ) ) ) )
  '  |____| .__|_| |_|_| |_\__, | / / / /
 =========|_|==============|___/=/_/_/_/
 :: Spring Boot ::        (v2.2.4.RELEASE)

2020-05-20 12:21:38.999  INFO 13400 --- [           main] pl.pandait.panda.PandaApplicationTest    : Starting PandaApplicationTest on panda-VirtualBox with PID 13400 (started by jenkins in /var/lib/jenkins/workspace/Maven)
2020-05-20 12:21:39.000  INFO 13400 --- [           main] pl.pandait.panda.PandaApplicationTest    : No active profile set, falling back to default profiles: default
2020-05-20 12:21:41.308  INFO 13400 --- [           main] o.s.s.concurrent.ThreadPoolTaskExecutor  : Initializing ExecutorService 'applicationTaskExecutor'
2020-05-20 12:21:41.478  INFO 13400 --- [           main] o.s.b.a.w.s.WelcomePageHandlerMapping    : Adding welcome page: class path resource [static/index.html]
2020-05-20 12:21:42.380  INFO 13400 --- [           main] pl.pandait.panda.PandaApplicationTest    : Started PandaApplicationTest in 3.728 seconds (JVM running for 36.381)
Tests run: 1, Failures: 0, Errors: 0, Skipped: 0, Time elapsed: 3.571 sec - in pl.pandait.panda.PandaApplicationTest
2020-05-20 12:21:42.637  INFO 13400 --- [extShutdownHook] o.s.s.concurrent.ThreadPoolTaskExecutor  : Shutting down ExecutorService 'applicationTaskExecutor'
2020-05-20 12:21:42.645  INFO 13400 --- [extShutdownHook] o.s.s.concurrent.ThreadPoolTaskExecutor  : Shutting down ExecutorService 'applicationTaskExecutor'

Results :

Tests run: 2, Failures: 0, Errors: 0, Skipped: 0

[INFO] 
[8mha:////4KSeLriNqbCwDrnkLRgK7C9Kt9i/ZoPGVXfpOB8wwfv4AAAAYB+LCAAAAAAAAP9b85aBtbiIQSmjNKU4P0+vJLE4u1gvPjexLDVPzxdEGvvmZ+X75ZekLlOVfvTjc8FPJgaGiiIGKaiG5Py84vycVD1nCA1SyAABjCCFBQCV27OjYAAAAA==[0m[INFO] --- maven-jar-plugin:3.1.2:jar (default-jar) @ panda ---
[INFO] Building jar: /var/lib/jenkins/workspace/Maven/target/panda-3.1.0-SNAPSHOT.jar
[INFO] 
[8mha:////4KSeLriNqbCwDrnkLRgK7C9Kt9i/ZoPGVXfpOB8wwfv4AAAAYB+LCAAAAAAAAP9b85aBtbiIQSmjNKU4P0+vJLE4u1gvPjexLDVPzxdEGvvmZ+X75ZekLlOVfvTjc8FPJgaGiiIGKaiG5Py84vycVD1nCA1SyAABjCCFBQCV27OjYAAAAA==[0m[INFO] --- spring-boot-maven-plugin:2.2.4.RELEASE:repackage (repackage) @ panda ---
[INFO] Replacing main artifact with repackaged archive
[INFO] 
[8mha:////4KSeLriNqbCwDrnkLRgK7C9Kt9i/ZoPGVXfpOB8wwfv4AAAAYB+LCAAAAAAAAP9b85aBtbiIQSmjNKU4P0+vJLE4u1gvPjexLDVPzxdEGvvmZ+X75ZekLlOVfvTjc8FPJgaGiiIGKaiG5Py84vycVD1nCA1SyAABjCCFBQCV27OjYAAAAA==[0m[INFO] --- maven-install-plugin:2.5.2:install (default-install) @ panda ---
[INFO] Installing /var/lib/jenkins/workspace/Maven/target/panda-3.1.0-SNAPSHOT.jar to /var/lib/jenkins/.m2/repository/pl/pandait/panda/3.1.0-SNAPSHOT/panda-3.1.0-SNAPSHOT.jar
[INFO] Installing /var/lib/jenkins/workspace/Maven/pom.xml to /var/lib/jenkins/.m2/repository/pl/pandait/panda/3.1.0-SNAPSHOT/panda-3.1.0-SNAPSHOT.pom
[INFO] ------------------------------------------------------------------------
[INFO] BUILD SUCCESS
[INFO] ------------------------------------------------------------------------
[INFO] Total time:  01:05 min
[INFO] Finished at: 2020-05-20T12:21:50+02:00
[INFO] ------------------------------------------------------------------------
[Maven] $ /bin/sh -xe /tmp/jenkins14955612531409323278.sh
+ cd target
+ sleep 5
+ java -jar panda-1.1.0.jar panda-3.1.0-SNAPSHOT.jar

[Maven] $ /var/lib/jenkins/tools/hudson.tasks.Maven_MavenInstallation/maven_3.6.3/bin/mvn test -Pselenium
[INFO] Scanning for projects...
[INFO] 
[INFO] --------------------------< pl.pandait:panda >--------------------------
[INFO] Building panda 3.1.0-SNAPSHOT
[INFO] --------------------------------[ jar ]---------------------------------
[INFO] 
[8mha:////4KSeLriNqbCwDrnkLRgK7C9Kt9i/ZoPGVXfpOB8wwfv4AAAAYB+LCAAAAAAAAP9b85aBtbiIQSmjNKU4P0+vJLE4u1gvPjexLDVPzxdEGvvmZ+X75ZekLlOVfvTjc8FPJgaGiiIGKaiG5Py84vycVD1nCA1SyAABjCCFBQCV27OjYAAAAA==[0m[INFO] --- maven-resources-plugin:3.1.0:resources (default-resources) @ panda ---
[INFO] Using 'UTF-8' encoding to copy filtered resources.
[INFO] Copying 1 resource
[INFO] Copying 2 resources
[INFO] 
[8mha:////4KSeLriNqbCwDrnkLRgK7C9Kt9i/ZoPGVXfpOB8wwfv4AAAAYB+LCAAAAAAAAP9b85aBtbiIQSmjNKU4P0+vJLE4u1gvPjexLDVPzxdEGvvmZ+X75ZekLlOVfvTjc8FPJgaGiiIGKaiG5Py84vycVD1nCA1SyAABjCCFBQCV27OjYAAAAA==[0m[INFO] --- maven-compiler-plugin:3.8.1:compile (default-compile) @ panda ---
[INFO] Nothing to compile - all classes are up to date
[INFO] 
[8mha:////4KSeLriNqbCwDrnkLRgK7C9Kt9i/ZoPGVXfpOB8wwfv4AAAAYB+LCAAAAAAAAP9b85aBtbiIQSmjNKU4P0+vJLE4u1gvPjexLDVPzxdEGvvmZ+X75ZekLlOVfvTjc8FPJgaGiiIGKaiG5Py84vycVD1nCA1SyAABjCCFBQCV27OjYAAAAA==[0m[INFO] --- maven-resources-plugin:3.1.0:testResources (default-testResources) @ panda ---
[INFO] Using 'UTF-8' encoding to copy filtered resources.
[INFO] skip non existing resourceDirectory /var/lib/jenkins/workspace/Maven/src/test/resources
[INFO] 
[8mha:////4KSeLriNqbCwDrnkLRgK7C9Kt9i/ZoPGVXfpOB8wwfv4AAAAYB+LCAAAAAAAAP9b85aBtbiIQSmjNKU4P0+vJLE4u1gvPjexLDVPzxdEGvvmZ+X75ZekLlOVfvTjc8FPJgaGiiIGKaiG5Py84vycVD1nCA1SyAABjCCFBQCV27OjYAAAAA==[0m[INFO] --- maven-compiler-plugin:3.8.1:testCompile (default-testCompile) @ panda ---
[INFO] Nothing to compile - all classes are up to date
[INFO] 
[8mha:////4KSeLriNqbCwDrnkLRgK7C9Kt9i/ZoPGVXfpOB8wwfv4AAAAYB+LCAAAAAAAAP9b85aBtbiIQSmjNKU4P0+vJLE4u1gvPjexLDVPzxdEGvvmZ+X75ZekLlOVfvTjc8FPJgaGiiIGKaiG5Py84vycVD1nCA1SyAABjCCFBQCV27OjYAAAAA==[0m[INFO] --- maven-surefire-plugin:2.19.1:test (default-test) @ panda ---

-------------------------------------------------------
 T E S T S
-------------------------------------------------------
Running pl.pandait.panda.PandaApplicationSeleniumTest
1589970157456	mozrunner::runner	INFO	Running command: "/usr/bin/firefox" "-marionette" "-foreground" "-no-remote" "-profile" "/tmp/rust_mozprofilejOWvPO"
Error: no DISPLAY environment variable specified
Tests run: 1, Failures: 0, Errors: 1, Skipped: 0, Time elapsed: 5.572 sec <<< FAILURE! - in pl.pandait.panda.PandaApplicationSeleniumTest
pl.pandait.panda.PandaApplicationSeleniumTest  Time elapsed: 5.569 sec  <<< ERROR!
org.openqa.selenium.WebDriverException: 
invalid argument: can't kill an exited process
Build info: version: '3.141.59', revision: 'e82be7d358', time: '2018-11-14T08:17:03'
System info: host: 'panda-VirtualBox', ip: '127.0.1.1', os.name: 'Linux', os.arch: 'amd64', os.version: '5.3.0-46-generic', java.version: '11.0.6'
Driver info: driver.version: FirefoxDriver
remote stacktrace: 
	at pl.pandait.panda.PandaApplicationSeleniumTest.startup(PandaApplicationSeleniumTest.java:31)


Results :

Tests in error: 
  PandaApplicationSeleniumTest.startup:31 Â» WebDriver invalid argument: can't ki...

Tests run: 1, Failures: 0, Errors: 1, Skipped: 0

[INFO] ------------------------------------------------------------------------
[INFO] BUILD FAILURE
[INFO] ------------------------------------------------------------------------
[INFO] Total time:  25.797 s
[INFO] Finished at: 2020-05-20T12:22:39+02:00
[INFO] ------------------------------------------------------------------------
[8mha:////4CRf02W3yrJSGv2pEsMdmdi9CVbou4p6imzQEXQRxnTaAAAAYB+LCAAAAAAAAP9b85aBtbiIQSmjNKU4P0+vJLE4u1gvPjexLDVPzxdEuhYV5Rf55ZekOlc7RKnPKH7IxMBQUcQgBdWQnJ9XnJ+TqucMoUEKGSCAEaSwAACsNFCqYAAAAA==[0m[ERROR] Failed to execute goal org.apache.maven.plugins:maven-surefire-plugin:2.19.1:test (default-test) on project panda: There are test failures.
[8mha:////4CRf02W3yrJSGv2pEsMdmdi9CVbou4p6imzQEXQRxnTaAAAAYB+LCAAAAAAAAP9b85aBtbiIQSmjNKU4P0+vJLE4u1gvPjexLDVPzxdEuhYV5Rf55ZekOlc7RKnPKH7IxMBQUcQgBdWQnJ9XnJ+TqucMoUEKGSCAEaSwAACsNFCqYAAAAA==[0m[ERROR] 
[8mha:////4CRf02W3yrJSGv2pEsMdmdi9CVbou4p6imzQEXQRxnTaAAAAYB+LCAAAAAAAAP9b85aBtbiIQSmjNKU4P0+vJLE4u1gvPjexLDVPzxdEuhYV5Rf55ZekOlc7RKnPKH7IxMBQUcQgBdWQnJ9XnJ+TqucMoUEKGSCAEaSwAACsNFCqYAAAAA==[0m[ERROR] Please refer to /var/lib/jenkins/workspace/Maven/target/surefire-reports for the individual test results.
[8mha:////4CRf02W3yrJSGv2pEsMdmdi9CVbou4p6imzQEXQRxnTaAAAAYB+LCAAAAAAAAP9b85aBtbiIQSmjNKU4P0+vJLE4u1gvPjexLDVPzxdEuhYV5Rf55ZekOlc7RKnPKH7IxMBQUcQgBdWQnJ9XnJ+TqucMoUEKGSCAEaSwAACsNFCqYAAAAA==[0m[ERROR] -> [Help 1]
[8mha:////4CRf02W3yrJSGv2pEsMdmdi9CVbou4p6imzQEXQRxnTaAAAAYB+LCAAAAAAAAP9b85aBtbiIQSmjNKU4P0+vJLE4u1gvPjexLDVPzxdEuhYV5Rf55ZekOlc7RKnPKH7IxMBQUcQgBdWQnJ9XnJ+TqucMoUEKGSCAEaSwAACsNFCqYAAAAA==[0m[ERROR] 
[8mha:////4CRf02W3yrJSGv2pEsMdmdi9CVbou4p6imzQEXQRxnTaAAAAYB+LCAAAAAAAAP9b85aBtbiIQSmjNKU4P0+vJLE4u1gvPjexLDVPzxdEuhYV5Rf55ZekOlc7RKnPKH7IxMBQUcQgBdWQnJ9XnJ+TqucMoUEKGSCAEaSwAACsNFCqYAAAAA==[0m[ERROR] To see the full stack trace of the errors, re-run Maven with the -e switch.
[8mha:////4CRf02W3yrJSGv2pEsMdmdi9CVbou4p6imzQEXQRxnTaAAAAYB+LCAAAAAAAAP9b85aBtbiIQSmjNKU4P0+vJLE4u1gvPjexLDVPzxdEuhYV5Rf55ZekOlc7RKnPKH7IxMBQUcQgBdWQnJ9XnJ+TqucMoUEKGSCAEaSwAACsNFCqYAAAAA==[0m[ERROR] Re-run Maven using the -X switch to enable full debug logging.
[8mha:////4CRf02W3yrJSGv2pEsMdmdi9CVbou4p6imzQEXQRxnTaAAAAYB+LCAAAAAAAAP9b85aBtbiIQSmjNKU4P0+vJLE4u1gvPjexLDVPzxdEuhYV5Rf55ZekOlc7RKnPKH7IxMBQUcQgBdWQnJ9XnJ+TqucMoUEKGSCAEaSwAACsNFCqYAAAAA==[0m[ERROR] 
[8mha:////4CRf02W3yrJSGv2pEsMdmdi9CVbou4p6imzQEXQRxnTaAAAAYB+LCAAAAAAAAP9b85aBtbiIQSmjNKU4P0+vJLE4u1gvPjexLDVPzxdEuhYV5Rf55ZekOlc7RKnPKH7IxMBQUcQgBdWQnJ9XnJ+TqucMoUEKGSCAEaSwAACsNFCqYAAAAA==[0m[ERROR] For more information about the errors and possible solutions, please read the following articles:
[8mha:////4CRf02W3yrJSGv2pEsMdmdi9CVbou4p6imzQEXQRxnTaAAAAYB+LCAAAAAAAAP9b85aBtbiIQSmjNKU4P0+vJLE4u1gvPjexLDVPzxdEuhYV5Rf55ZekOlc7RKnPKH7IxMBQUcQgBdWQnJ9XnJ+TqucMoUEKGSCAEaSwAACsNFCqYAAAAA==[0m[ERROR] [Help 1] http://cwiki.apache.org/confluence/display/MAVEN/MojoFailureException
Build step 'Invoke top-level Maven targets' marked build as failure
Finished: FAILURE
